[0;34mâ„¹ï¸  === GreenFlow ìŠ¤í…Œì´ì§• ë°°í¬ ì‹œì‘ ===[0m
[0;34mâ„¹ï¸  1ë‹¨ê³„: í™˜ê²½ ê²€ì¦...
[0m
[0;32mâœ… git ì„¤ì¹˜ë¨ (git version 2.39.5 (Apple Git-154))[0m
[0;32mâœ… docker ì„¤ì¹˜ë¨ (Docker version 28.3.2, build 578ccf6)[0m
[0;32mâœ… npm ì„¤ì¹˜ë¨ (10.2.3)[0m
[0;32mâœ… node ì„¤ì¹˜ë¨ (v18.19.0)[0m
[0;32mâœ… .env.staging íŒŒì¼ í™•ì¸[0m
[0;34mâ„¹ï¸  
2ë‹¨ê³„: ì½”ë“œ ë¹Œë“œ...
[0m
[0;34mâ„¹ï¸  ë°±ì—”ë“œ ë¹Œë“œ ì¤‘...[0m
npm WARN deprecated inflight@1.0.6: This module is not supported, and leaks memory. Do not use it. Check out lru-cache if you want a good and tested way to coalesce async requests by a key value, which is much more comprehensive and powerful.
npm WARN deprecated npmlog@5.0.1: This package is no longer supported.
npm WARN deprecated supertest@6.3.4: Please upgrade to supertest v7.1.3+, see release notes at https://github.com/forwardemail/supertest/releases/tag/v7.1.3 - maintenance is supported by Forward Email @ https://forwardemail.net
npm WARN deprecated @humanwhocodes/config-array@0.13.0: Use @eslint/config-array instead
npm WARN deprecated rimraf@3.0.2: Rimraf versions prior to v4 are no longer supported
npm WARN deprecated rimraf@3.0.2: Rimraf versions prior to v4 are no longer supported
npm WARN deprecated are-we-there-yet@2.0.0: This package is no longer supported.
npm WARN deprecated @humanwhocodes/object-schema@2.0.3: Use @eslint/object-schema instead
npm WARN deprecated glob@7.2.3: Old versions of glob are not supported, and contain widely publicized security vulnerabilities, which have been fixed in the current version. Please update. Support for old versions may be purchased (at exorbitant rates) by contacting i@izs.me
npm WARN deprecated glob@7.2.3: Old versions of glob are not supported, and contain widely publicized security vulnerabilities, which have been fixed in the current version. Please update. Support for old versions may be purchased (at exorbitant rates) by contacting i@izs.me
npm WARN deprecated glob@7.2.3: Old versions of glob are not supported, and contain widely publicized security vulnerabilities, which have been fixed in the current version. Please update. Support for old versions may be purchased (at exorbitant rates) by contacting i@izs.me
npm WARN deprecated glob@7.2.3: Old versions of glob are not supported, and contain widely publicized security vulnerabilities, which have been fixed in the current version. Please update. Support for old versions may be purchased (at exorbitant rates) by contacting i@izs.me
npm WARN deprecated glob@7.2.3: Old versions of glob are not supported, and contain widely publicized security vulnerabilities, which have been fixed in the current version. Please update. Support for old versions may be purchased (at exorbitant rates) by contacting i@izs.me
npm WARN deprecated glob@7.2.3: Old versions of glob are not supported, and contain widely publicized security vulnerabilities, which have been fixed in the current version. Please update. Support for old versions may be purchased (at exorbitant rates) by contacting i@izs.me
npm WARN deprecated gauge@3.0.2: This package is no longer supported.
npm WARN deprecated tar@6.2.1: Old versions of tar are not supported, and contain widely publicized security vulnerabilities, which have been fixed in the current version. Please update. Support for old versions may be purchased (at exorbitant rates) by contacting i@izs.me
npm WARN deprecated superagent@8.1.2: Please upgrade to superagent v10.2.2+, see release notes at https://github.com/forwardemail/superagent/releases/tag/v10.2.2 - maintenance is supported by Forward Email @ https://forwardemail.net
npm WARN deprecated glob@10.4.5: Old versions of glob are not supported, and contain widely publicized security vulnerabilities, which have been fixed in the current version. Please update. Support for old versions may be purchased (at exorbitant rates) by contacting i@izs.me
npm WARN deprecated glob@10.5.0: Old versions of glob are not supported, and contain widely publicized security vulnerabilities, which have been fixed in the current version. Please update. Support for old versions may be purchased (at exorbitant rates) by contacting i@izs.me
npm WARN deprecated eslint@8.57.1: This version is no longer supported. Please see https://eslint.org/version-support for other options.

added 939 packages, and audited 940 packages in 9s

157 packages are looking for funding
  run `npm fund` for details

16 vulnerabilities (4 low, 4 moderate, 8 high)

To address all issues (including breaking changes), run:
  npm audit fix --force

Run `npm audit` for details.

> glec-api-backend@1.0.0 prebuild
> rimraf dist


> glec-api-backend@1.0.0 build
> nest build

[0;32mâœ… ë°±ì—”ë“œ ë¹Œë“œ ì™„ë£Œ[0m
[0;34mâ„¹ï¸  í”„ë¡ íŠ¸ì—”ë“œ ë¹Œë“œ ì¤‘...[0m
npm WARN EBADENGINE Unsupported engine {
npm WARN EBADENGINE   package: '@vitejs/plugin-react@5.1.2',
npm WARN EBADENGINE   required: { node: '^20.19.0 || >=22.12.0' },
npm WARN EBADENGINE   current: { node: 'v18.19.0', npm: '10.2.3' }
npm WARN EBADENGINE }
npm WARN EBADENGINE Unsupported engine {
npm WARN EBADENGINE   package: 'react-router@7.13.0',
npm WARN EBADENGINE   required: { node: '>=20.0.0' },
npm WARN EBADENGINE   current: { node: 'v18.19.0', npm: '10.2.3' }
npm WARN EBADENGINE }
npm WARN EBADENGINE Unsupported engine {
npm WARN EBADENGINE   package: 'react-router-dom@7.13.0',
npm WARN EBADENGINE   required: { node: '>=20.0.0' },
npm WARN EBADENGINE   current: { node: 'v18.19.0', npm: '10.2.3' }
npm WARN EBADENGINE }
npm WARN EBADENGINE Unsupported engine {
npm WARN EBADENGINE   package: 'vite@7.3.1',
npm WARN EBADENGINE   required: { node: '^20.19.0 || >=22.12.0' },
npm WARN EBADENGINE   current: { node: 'v18.19.0', npm: '10.2.3' }
npm WARN EBADENGINE }

added 289 packages, and audited 290 packages in 3s

66 packages are looking for funding
  run `npm fund` for details

found 0 vulnerabilities

> green-logistics-landing@0.0.0 build
> tsc -b && vite build

You are using Node.js 18.19.0. Vite requires Node.js version 20.19+ or 22.12+. Please upgrade your Node.js version.
vite v7.3.1 building client environment for production...
transforming...
âœ“ 2396 modules transformed.
rendering chunks...
computing gzip size...
dist/index.html                   0.47 kB â”‚ gzip:   0.30 kB
dist/assets/index-BZC_bn5Z.css   34.56 kB â”‚ gzip:   6.10 kB
dist/assets/index-9B7_RZhl.js   775.37 kB â”‚ gzip: 231.05 kB

(!) Some chunks are larger than 500 kB after minification. Consider:
- Using dynamic import() to code-split the application
- Use build.rollupOptions.output.manualChunks to improve chunking: https://rollupjs.org/configuration-options/#output-manualchunks
- Adjust chunk size limit for this warning via build.chunkSizeWarningLimit.
âœ“ built in 2.00s
[0;32mâœ… í”„ë¡ íŠ¸ì—”ë“œ ë¹Œë“œ ì™„ë£Œ[0m
[0;34mâ„¹ï¸  
3ë‹¨ê³„: Docker ì´ë¯¸ì§€ ìƒì„±...
[0m
[0;34mâ„¹ï¸  ë°±ì—”ë“œ Docker ì´ë¯¸ì§€ ë¹Œë“œ ì¤‘...[0m
#0 building with "desktop-linux" instance using docker driver

#1 [internal] load build definition from Dockerfile
#1 transferring dockerfile: 804B done
#1 DONE 0.0s

#2 [internal] load metadata for docker.io/library/node:18-alpine
#2 ...

#3 [auth] library/node:pull token for registry-1.docker.io
#3 DONE 0.0s

#2 [internal] load metadata for docker.io/library/node:18-alpine
#2 DONE 1.6s

#4 [internal] load .dockerignore
#4 transferring context: 2B done
#4 DONE 0.0s

#5 [builder 1/6] FROM docker.io/library/node:18-alpine@sha256:8d6421d663b4c28fd3ebc498332f249011d118945588d0a35cb9bc4b8ca09d9e
#5 resolve docker.io/library/node:18-alpine@sha256:8d6421d663b4c28fd3ebc498332f249011d118945588d0a35cb9bc4b8ca09d9e done
#5 DONE 0.0s

#6 [internal] load build context
#6 transferring context: 243.09MB 4.7s done
#6 DONE 4.8s

#7 [builder 2/6] WORKDIR /app
#7 CACHED

#8 [builder 3/6] COPY package*.json ./
#8 CACHED

#9 [builder 4/6] RUN npm ci
#9 CACHED

#10 [builder 5/6] COPY . .
#10 DONE 7.2s

#11 [builder 6/6] RUN npm run build
#11 0.420 
#11 0.420 > glec-api-backend@1.0.0 prebuild
#11 0.420 > rimraf dist
#11 0.420 
#11 0.512 
#11 0.512 > glec-api-backend@1.0.0 build
#11 0.512 > nest build
#11 0.512 
#11 DONE 3.3s

#12 [stage-1 4/5] RUN npm ci --omit=dev
#12 CACHED

#13 [stage-1 5/5] COPY --from=builder /app/dist ./dist
#13 CACHED

#14 exporting to image
#14 exporting layers done
#14 exporting manifest sha256:b1d320c09f27d44d4512d26722f41959ad0bb2f47810c7a154b739d0aeb3c622 done
#14 exporting config sha256:6c0104f2141d234556a9b63ae0ec7e51de4c913453cf48736a2457b83f721713 done
#14 exporting attestation manifest sha256:8a469b01a8a082677f441902fdf9dd561542f7fbd2ace54afd14e0a47f792cc3 done
#14 exporting manifest list sha256:a221d59c4383b792fc33b7afda342201f02ee8be3115dcab16d3332f3cc09c44 done
#14 naming to docker.io/library/glec-api:staging done
#14 unpacking to docker.io/library/glec-api:staging done
#14 DONE 0.1s

View build details: docker-desktop://dashboard/build/desktop-linux/desktop-linux/ynio8hkl6mmctu74syovatsss
[0;32mâœ… ë°±ì—”ë“œ ì´ë¯¸ì§€ ì™„ë£Œ: glec-api:staging[0m
[0;34mâ„¹ï¸  í”„ë¡ íŠ¸ì—”ë“œ Docker ì´ë¯¸ì§€ ë¹Œë“œ ì¤‘...[0m
#0 building with "desktop-linux" instance using docker driver

#1 [internal] load build definition from Dockerfile
#1 transferring dockerfile: 1.34kB 0.0s done
#1 DONE 0.0s

#2 [internal] load metadata for docker.io/library/nginx:alpine
#2 DONE 0.0s

#3 [internal] load metadata for docker.io/library/node:20-alpine
#3 DONE 0.4s

#4 [internal] load .dockerignore
#4 transferring context: 167B done
#4 DONE 0.0s

#5 [stage-1 1/3] FROM docker.io/library/nginx:alpine@sha256:42a516af16b852e33b7682d5ef8acbd5d13fe08fecadc7ed98605ba5e3b26ab8
#5 resolve docker.io/library/nginx:alpine@sha256:42a516af16b852e33b7682d5ef8acbd5d13fe08fecadc7ed98605ba5e3b26ab8 0.0s done
#5 DONE 0.0s

#6 [builder 1/6] FROM docker.io/library/node:20-alpine@sha256:09e2b3d9726018aecf269bd35325f46bf75046a643a66d28360ec71132750ec8
#6 resolve docker.io/library/node:20-alpine@sha256:09e2b3d9726018aecf269bd35325f46bf75046a643a66d28360ec71132750ec8 0.0s done
#6 DONE 0.0s

#7 [internal] load build context
#7 transferring context: 6.03kB done
#7 DONE 0.0s

#8 [builder 2/6] WORKDIR /app
#8 CACHED

#9 [builder 3/6] COPY package.json ./
#9 CACHED

#10 [builder 4/6] RUN npm install --include=dev --no-fund --no-audit 2>&1 || npm install --no-fund --no-audit
#10 11.81 
#10 11.81 added 286 packages in 12s
#10 11.81 npm notice
#10 11.81 npm notice New major version of npm available! 10.8.2 -> 11.8.0
#10 11.81 npm notice Changelog: https://github.com/npm/cli/releases/tag/v11.8.0
#10 11.81 npm notice To update run: npm install -g npm@11.8.0
#10 11.81 npm notice
#10 DONE 13.1s

#11 [builder 5/6] COPY . .
#11 DONE 0.2s

#12 [builder 6/6] RUN npm run build
#12 0.349 
#12 0.349 > green-logistics-landing@0.0.0 build
#12 0.349 > tsc -b && vite build
#12 0.349 
#12 2.691 vite v7.3.1 building client environment for production...
#12 2.840 transforming...
#12 5.212 âœ“ 2396 modules transformed.
#12 5.502 rendering chunks...
#12 5.511 computing gzip size...
#12 5.525 dist/index.html                   0.47 kB â”‚ gzip:   0.30 kB
#12 5.525 dist/assets/index-BZC_bn5Z.css   34.56 kB â”‚ gzip:   6.10 kB
#12 5.525 dist/assets/index-9B7_RZhl.js   775.37 kB â”‚ gzip: 231.05 kB
#12 5.526 
#12 5.526 (!) Some chunks are larger than 500 kB after minification. Consider:
#12 5.526 - Using dynamic import() to code-split the application
#12 5.526 - Use build.rollupOptions.output.manualChunks to improve chunking: https://rollupjs.org/configuration-options/#output-manualchunks
#12 5.526 - Adjust chunk size limit for this warning via build.chunkSizeWarningLimit.
#12 5.526 âœ“ built in 2.81s
#12 DONE 5.6s

#5 [stage-1 1/3] FROM docker.io/library/nginx:alpine@sha256:42a516af16b852e33b7682d5ef8acbd5d13fe08fecadc7ed98605ba5e3b26ab8
#5 CACHED

#13 [stage-1 2/3] COPY --from=builder /app/dist /usr/share/nginx/html
#13 DONE 0.0s

#14 [stage-1 3/3] RUN echo 'server {  listen 5173;  location / {    root /usr/share/nginx/html;    index index.html index.htm;    try_files $uri $uri/ /index.html;  }  location ~* \\.(?:js|css|png|jpg|jpeg|gif|ico|woff|woff2|ttf|svg)$ {    expires 30d;    add_header Cache-Control "public, immutable";  }}' > /etc/nginx/conf.d/default.conf
#14 DONE 0.1s

#15 exporting to image
#15 exporting layers 0.0s done
#15 exporting manifest sha256:733e109b5d8310c379df02ab944adc3e3cd7869822597944cd41c15e34946164 done
#15 exporting config sha256:c5ec62283b722ff2f90a7ca0aaa18123fe1657769c9d8ad698cf4bc37f013df1 done
#15 exporting attestation manifest sha256:44f1de373e9fae24ef6d36d579a0f64c30ff3f36ba93e459e1d2e48463fb76f6 done
#15 exporting manifest list sha256:decc35d42080156560a08191a59d83569dc42c423e9fe7b61696ff7a623c638e done
#15 naming to docker.io/library/greenflow-frontend:staging done
#15 unpacking to docker.io/library/greenflow-frontend:staging 0.0s done
#15 DONE 0.1s

View build details: docker-desktop://dashboard/build/desktop-linux/desktop-linux/xkxicrjd275nx959034nu91xf
[0;32mâœ… í”„ë¡ íŠ¸ì—”ë“œ ì´ë¯¸ì§€ ì™„ë£Œ: greenflow-frontend:staging[0m
[0;34mâ„¹ï¸  
4ë‹¨ê³„: ë¡œì»¬ í†µí•© í…ŒìŠ¤íŠ¸...
[0m
